<?xml version="1.0" encoding="UTF-8"?>
<testsuite xmlns:xsi="http://www.w3.org/2001/XMLSchema-instance" xsi:noNamespaceSchemaLocation="https://maven.apache.org/surefire/maven-surefire-plugin/xsd/surefire-test-report.xsd" version="3.0.2" name="com.template.resourceserver.ResourceServerApplicationTests" time="1.399" tests="1" errors="0" skipped="0" failures="0">
  <properties>
[...]
</properties>
  <testcase name="contextLoads" classname="com.template.resourceserver.ResourceServerApplicationTests" time="0.398">
    <system-out><![CDATA[22:33:18.104 [main] INFO org.springframework.test.context.support.AnnotationConfigContextLoaderUtils -- Could not detect default configuration classes for test class [com.template.resourceserver.ResourceServerApplicationTests]: ResourceServerApplicationTests does not declare any static, non-private, non-final, nested classes annotated with @Configuration.
22:33:18.142 [main] INFO org.springframework.boot.test.context.SpringBootTestContextBootstrapper -- Found @SpringBootConfiguration com.template.resourceserver.ResourceServerApplication for test class com.template.resourceserver.ResourceServerApplicationTests
22:33:18.193 [main] INFO org.springframework.boot.devtools.restart.RestartApplicationListener -- Restart disabled due to context in which it is running

  .   ____          _            __ _ _
 /\\ / ___'_ __ _ _(_)_ __  __ _ \ \ \ \
( ( )\___ | '_ | '_| | '_ \/ _` | \ \ \ \
 \\/  ___)| |_)| | | | | || (_| |  ) ) ) )
  '  |____| .__|_| |_|_| |_\__, | / / / /
 =========|_|==============|___/=/_/_/_/

 :: Spring Boot ::                (v3.4.1)

2025-02-03T22:33:18.295+03:00  INFO 2213 --- [           main] c.t.r.ResourceServerApplicationTests     : Starting ResourceServerApplicationTests using Java 23.0.1 with PID 2213 (started by okan in /Users/okan/Desktop/template-workspace/resource-server)
2025-02-03T22:33:18.296+03:00  INFO 2213 --- [           main] c.t.r.ResourceServerApplicationTests     : No active profile set, falling back to 1 default profile: "default"
🚀 SecurityConfig YÜKLENDİ!
2025-02-03T22:33:18.591+03:00 DEBUG 2213 --- [           main] swordEncoderAuthenticationManagerBuilder : No authenticationProviders and no parentAuthenticationManager defined. Returning null.
🚀 SecurityFilterChain YÜKLENDİ!
2025-02-03T22:33:18.695+03:00 DEBUG 2213 --- [           main] o.s.s.web.DefaultSecurityFilterChain     : Will secure any request with filters: DisableEncodeUrlFilter, WebAsyncManagerIntegrationFilter, SecurityContextHolderFilter, HeaderWriterFilter, CsrfFilter, LogoutFilter, BearerTokenAuthenticationFilter, RequestCacheAwareFilter, SecurityContextHolderAwareRequestFilter, AnonymousAuthenticationFilter, ExceptionTranslationFilter, AuthorizationFilter
2025-02-03T22:33:19.037+03:00  INFO 2213 --- [           main] c.t.r.ResourceServerApplicationTests     : Started ResourceServerApplicationTests in 0.848 seconds (process running for 1.181)
]]></system-out>
    <system-err><![CDATA[Mockito is currently self-attaching to enable the inline-mock-maker. This will no longer work in future releases of the JDK. Please add Mockito as an agent to your build what is described in Mockito's documentation: https://javadoc.io/doc/org.mockito/mockito-core/latest/org/mockito/Mockito.html#0.3
WARNING: A Java agent has been loaded dynamically (/Users/okan/.m2/repository/net/bytebuddy/byte-buddy-agent/1.15.11/byte-buddy-agent-1.15.11.jar)
WARNING: If a serviceability tool is in use, please run with -XX:+EnableDynamicAgentLoading to hide this warning
WARNING: If a serviceability tool is not in use, please run with -Djdk.instrument.traceUsage for more information
WARNING: Dynamic loading of agents will be disallowed by default in a future release
]]></system-err>
  </testcase>
</testsuite>